[    4032ms] [WARNING] Image with src "/Vetted-orange.png" was detected as the Largest Contentful Paint (LCP). Please add the "priority" property if this image is above the fold.
Read more: https://nextjs.org/docs/api-reference/next/image#priority @ webpack-internal:///(app-pages-browser)/./node_modules/next/dist/shared/lib/utils/warn-once.js:15
[   12148ms] [WARNING] The resource http://localhost:3030/_next/static/css/app/layout.css?v=1774617446335 was preloaded using link preload but not used within a few seconds from the window's load event. Please make sure it has an appropriate `as` value and it is preloaded intentionally. @ http://localhost:3030/auth/login?type=expert:0
[   86674ms] [WARNING] The resource http://localhost:3030/_next/static/css/app/layout.css?v=1774617446335 was preloaded using link preload but not used within a few seconds from the window's load event. Please make sure it has an appropriate `as` value and it is preloaded intentionally. @ http://localhost:3030/auth/login?type=expert:0
[  145049ms] [WARNING] The resource http://localhost:3030/_next/static/css/app/layout.css?v=1774617446335 was preloaded using link preload but not used within a few seconds from the window's load event. Please make sure it has an appropriate `as` value and it is preloaded intentionally. @ http://localhost:3030/auth/login?type=expert:0
[  172820ms] [WARNING] The resource http://localhost:3030/_next/static/css/app/layout.css?v=1774617446335 was preloaded using link preload but not used within a few seconds from the window's load event. Please make sure it has an appropriate `as` value and it is preloaded intentionally. @ http://localhost:3030/auth/login?type=expert:0
[  177598ms] [WARNING] The resource http://localhost:3030/_next/static/css/app/layout.css?v=1774617446335 was preloaded using link preload but not used within a few seconds from the window's load event. Please make sure it has an appropriate `as` value and it is preloaded intentionally. @ http://localhost:3030/auth/login?type=expert:0
[  219462ms] [WARNING] The resource http://localhost:3030/_next/static/css/app/layout.css?v=1774617446335 was preloaded using link preload but not used within a few seconds from the window's load event. Please make sure it has an appropriate `as` value and it is preloaded intentionally. @ http://localhost:3030/auth/login?type=expert:0
[  234287ms] [WARNING] The resource http://localhost:3030/_next/static/css/app/layout.css?v=1774617446335 was preloaded using link preload but not used within a few seconds from the window's load event. Please make sure it has an appropriate `as` value and it is preloaded intentionally. @ http://localhost:3030/auth/login?type=expert:0
[  239227ms] [WARNING] The resource http://localhost:3030/_next/static/css/app/layout.css?v=1774617446335 was preloaded using link preload but not used within a few seconds from the window's load event. Please make sure it has an appropriate `as` value and it is preloaded intentionally. @ http://localhost:3030/auth/login?type=expert:0
[  252035ms] [WARNING] The resource http://localhost:3030/_next/static/css/app/layout.css?v=1774617446335 was preloaded using link preload but not used within a few seconds from the window's load event. Please make sure it has an appropriate `as` value and it is preloaded intentionally. @ http://localhost:3030/auth/login?type=expert:0
[  258003ms] [WARNING] The resource http://localhost:3030/_next/static/css/app/layout.css?v=1774617446335 was preloaded using link preload but not used within a few seconds from the window's load event. Please make sure it has an appropriate `as` value and it is preloaded intentionally. @ http://localhost:3030/auth/login?type=expert:0
[  278055ms] [WARNING] The resource http://localhost:3030/_next/static/css/app/layout.css?v=1774617446335 was preloaded using link preload but not used within a few seconds from the window's load event. Please make sure it has an appropriate `as` value and it is preloaded intentionally. @ http://localhost:3030/auth/login?type=expert:0
[  311208ms] [WARNING] The resource http://localhost:3030/_next/static/css/app/layout.css?v=1774617446335 was preloaded using link preload but not used within a few seconds from the window's load event. Please make sure it has an appropriate `as` value and it is preloaded intentionally. @ http://localhost:3030/auth/login?type=expert:0
[  314732ms] [WARNING] The resource http://localhost:3030/_next/static/css/app/layout.css?v=1774617446335 was preloaded using link preload but not used within a few seconds from the window's load event. Please make sure it has an appropriate `as` value and it is preloaded intentionally. @ http://localhost:3030/auth/login?type=expert:0
[  325163ms] [WARNING] The resource http://localhost:3030/_next/static/css/app/layout.css?v=1774617446335 was preloaded using link preload but not used within a few seconds from the window's load event. Please make sure it has an appropriate `as` value and it is preloaded intentionally. @ http://localhost:3030/auth/login?type=expert:0
[  356784ms] [WARNING] The resource http://localhost:3030/_next/static/css/app/layout.css?v=1774617446335 was preloaded using link preload but not used within a few seconds from the window's load event. Please make sure it has an appropriate `as` value and it is preloaded intentionally. @ http://localhost:3030/auth/login?type=expert:0
[  392248ms] [WARNING] The resource http://localhost:3030/_next/static/css/app/layout.css?v=1774617446335 was preloaded using link preload but not used within a few seconds from the window's load event. Please make sure it has an appropriate `as` value and it is preloaded intentionally. @ http://localhost:3030/auth/login?type=expert:0
[  418266ms] [WARNING] The resource http://localhost:3030/_next/static/css/app/layout.css?v=1774617446335 was preloaded using link preload but not used within a few seconds from the window's load event. Please make sure it has an appropriate `as` value and it is preloaded intentionally. @ http://localhost:3030/auth/login?type=expert:0
[  439481ms] [WARNING] The resource http://localhost:3030/_next/static/css/app/layout.css?v=1774617446335 was preloaded using link preload but not used within a few seconds from the window's load event. Please make sure it has an appropriate `as` value and it is preloaded intentionally. @ http://localhost:3030/auth/login?type=expert:0
[  473853ms] [WARNING] The resource http://localhost:3030/_next/static/css/app/layout.css?v=1774617446335 was preloaded using link preload but not used within a few seconds from the window's load event. Please make sure it has an appropriate `as` value and it is preloaded intentionally. @ http://localhost:3030/auth/login?type=expert:0
[  506938ms] [WARNING] The resource http://localhost:3030/_next/static/css/app/layout.css?v=1774617446335 was preloaded using link preload but not used within a few seconds from the window's load event. Please make sure it has an appropriate `as` value and it is preloaded intentionally. @ http://localhost:3030/auth/login?type=expert:0
[  519143ms] [WARNING] [Fast Refresh] performing full reload

Fast Refresh will perform a full reload when you edit a file that's imported by modules outside of the React rendering tree.
You might have a file which exports a React component but also exports a value that is imported by a non-React component file.
Consider migrating the non-React component export to a separate file and importing it into both files.

It is also possible the parent component of the component you edited is a class component, which disables Fast Refresh.
Fast Refresh requires at least one parent function component in your React tree. @ webpack-internal:///(app-pages-browser)/./node_modules/next/dist/client/dev/hot-reloader/app/hot-reloader-app.js:111
[  519994ms] [WARNING] Image with src "/Vetted-orange.png" was detected as the Largest Contentful Paint (LCP). Please add the "priority" property if this image is above the fold.
Read more: https://nextjs.org/docs/api-reference/next/image#priority @ webpack-internal:///(app-pages-browser)/./node_modules/next/dist/shared/lib/utils/warn-once.js:15
[  524220ms] [WARNING] The resource http://localhost:3030/_next/static/css/app/layout.css?v=1774617966184 was preloaded using link preload but not used within a few seconds from the window's load event. Please make sure it has an appropriate `as` value and it is preloaded intentionally. @ http://localhost:3030/auth/login?type=expert:0
[  529182ms] [WARNING] The resource http://localhost:3030/_next/static/css/app/layout.css?v=1774617966184 was preloaded using link preload but not used within a few seconds from the window's load event. Please make sure it has an appropriate `as` value and it is preloaded intentionally. @ http://localhost:3030/auth/login?type=expert:0
[  543342ms] [WARNING] The resource http://localhost:3030/_next/static/css/app/layout.css?v=1774617966184 was preloaded using link preload but not used within a few seconds from the window's load event. Please make sure it has an appropriate `as` value and it is preloaded intentionally. @ http://localhost:3030/auth/login?type=expert:0
[  550343ms] [WARNING] The resource http://localhost:3030/_next/static/css/app/layout.css?v=1774617966184 was preloaded using link preload but not used within a few seconds from the window's load event. Please make sure it has an appropriate `as` value and it is preloaded intentionally. @ http://localhost:3030/auth/login?type=expert:0
[  556546ms] [WARNING] The resource http://localhost:3030/_next/static/css/app/layout.css?v=1774617966184 was preloaded using link preload but not used within a few seconds from the window's load event. Please make sure it has an appropriate `as` value and it is preloaded intentionally. @ http://localhost:3030/auth/login?type=expert:0
[  573869ms] [WARNING] The resource http://localhost:3030/_next/static/css/app/layout.css?v=1774617966184 was preloaded using link preload but not used within a few seconds from the window's load event. Please make sure it has an appropriate `as` value and it is preloaded intentionally. @ http://localhost:3030/auth/login?type=expert:0
[  583142ms] [WARNING] The resource http://localhost:3030/_next/static/css/app/layout.css?v=1774617966184 was preloaded using link preload but not used within a few seconds from the window's load event. Please make sure it has an appropriate `as` value and it is preloaded intentionally. @ http://localhost:3030/auth/login?type=expert:0
[  590612ms] [WARNING] The resource http://localhost:3030/_next/static/css/app/layout.css?v=1774617966184 was preloaded using link preload but not used within a few seconds from the window's load event. Please make sure it has an appropriate `as` value and it is preloaded intentionally. @ http://localhost:3030/auth/login?type=expert:0
[  595673ms] [WARNING] The resource http://localhost:3030/_next/static/css/app/layout.css?v=1774617966184 was preloaded using link preload but not used within a few seconds from the window's load event. Please make sure it has an appropriate `as` value and it is preloaded intentionally. @ http://localhost:3030/auth/login?type=expert:0
[  600065ms] [WARNING] The resource http://localhost:3030/_next/static/css/app/layout.css?v=1774617966184 was preloaded using link preload but not used within a few seconds from the window's load event. Please make sure it has an appropriate `as` value and it is preloaded intentionally. @ http://localhost:3030/auth/login?type=expert:0
[  620606ms] [WARNING] The resource http://localhost:3030/_next/static/css/app/layout.css?v=1774617966184 was preloaded using link preload but not used within a few seconds from the window's load event. Please make sure it has an appropriate `as` value and it is preloaded intentionally. @ http://localhost:3030/auth/login?type=expert:0
